
     ######################################################################
   ##########################################################################
  ###                                                                      ###
 ###            TINKER  ---  Software Tools for Molecular Design            ###
 ##                                                                          ##
 ##                          Version 8.2  June 2017                          ##
 ##                                                                          ##
 ##               Copyright (c)  Jay William Ponder  1990-2017               ##
 ###                           All Rights Reserved                          ###
  ###                                                                      ###
   ##########################################################################
     ######################################################################


 Total Potential Energy :          -2094.67403362 Kcal/mole

 Energy Component Breakdown :           Kcal/mole        Interactions

 Bond Stretching                      73.63201082              432
 Angle Bending                        14.05868211              216
 Urey-Bradley                         -2.56271405              216
 Van der Waals                      2758.41349853            37123
 Charge Transfer                    -488.13426788            37125
 Atomic Multipoles                 -3638.69462958            37775
 Polarization                       -811.38661357            37775

 Analysis for Archive Structure :               2

 Total Potential Energy :          -2024.78360158 Kcal/mole

 Energy Component Breakdown :           Kcal/mole        Interactions

 Bond Stretching                     156.95800883              432
 Angle Bending                        26.03203338              216
 Urey-Bradley                         -3.95509786              216
 Van der Waals                      2771.68558154            37130
 Charge Transfer                    -491.16137193            37133
 Atomic Multipoles                 -3662.51785956            37783
 Polarization                       -821.82489598            37783

 Analysis for Archive Structure :               3

 Total Potential Energy :          -2024.36861057 Kcal/mole

 Energy Component Breakdown :           Kcal/mole        Interactions

 Bond Stretching                     160.36222954              432
 Angle Bending                        60.36319530              216
 Urey-Bradley                         -5.21344372              216
 Van der Waals                      2786.53110336            37136
 Charge Transfer                    -494.28855145            37132
 Atomic Multipoles                 -3695.74280035            37782
 Polarization                       -836.38034323            37782

 Analysis for Archive Structure :               4

 Total Potential Energy :          -2045.91868533 Kcal/mole

 Energy Component Breakdown :           Kcal/mole        Interactions

 Bond Stretching                     109.26230421              432
 Angle Bending                       128.98401558              216
 Urey-Bradley                         -7.40988840              216
 Van der Waals                      2788.73474890            37129
 Charge Transfer                    -494.36403230            37134
 Atomic Multipoles                 -3722.35018290            37784
 Polarization                       -848.77565043            37784

 Analysis for Archive Structure :               5

 Total Potential Energy :          -1991.04387404 Kcal/mole

 Energy Component Breakdown :           Kcal/mole        Interactions

 Bond Stretching                      90.28088645              432
 Angle Bending                       233.84947919              216
 Urey-Bradley                        -13.14264016              216
 Van der Waals                      2769.13462450            37130
 Charge Transfer                    -489.63034052            37140
 Atomic Multipoles                 -3728.13286041            37788
 Polarization                       -853.40302309            37788

 Analysis for Archive Structure :               6

 Total Potential Energy :          -2094.67403353 Kcal/mole

 Energy Component Breakdown :           Kcal/mole        Interactions

 Bond Stretching                      73.63201151              432
 Angle Bending                        14.05868205              216
 Urey-Bradley                         -2.56271405              216
 Van der Waals                      2758.41349949            37127
 Charge Transfer                    -488.13426810            37125
 Atomic Multipoles                 -3638.69463053            37775
 Polarization                       -811.38661392            37775

 Analysis for Archive Structure :               7

 Total Potential Energy :          -2025.06732258 Kcal/mole

 Energy Component Breakdown :           Kcal/mole        Interactions

 Bond Stretching                     156.69170736              432
 Angle Bending                        25.98612835              216
 Urey-Bradley                         -3.94935744              216
 Van der Waals                      2771.66481598            37130
 Charge Transfer                    -491.15629009            37132
 Atomic Multipoles                 -3662.49263327            37781
 Polarization                       -821.81169346            37781

 Analysis for Archive Structure :               8

 Total Potential Energy :          -2024.97568681 Kcal/mole

 Energy Component Breakdown :           Kcal/mole        Interactions

 Bond Stretching                     159.89877595              432
 Angle Bending                        60.15450779              216
 Urey-Bradley                         -5.19669651              216
 Van der Waals                      2786.48522486            37134
 Charge Transfer                    -494.27773168            37134
 Atomic Multipoles                 -3695.69074098            37783
 Polarization                       -836.34902624            37783

 Analysis for Archive Structure :               9

 Total Potential Energy :          -2046.50667548 Kcal/mole

 Energy Component Breakdown :           Kcal/mole        Interactions

 Bond Stretching                     108.90251783              432
 Angle Bending                       128.81774516              216
 Urey-Bradley                         -7.39416130              216
 Van der Waals                      2788.73954043            37132
 Charge Transfer                    -494.36439989            37135
 Atomic Multipoles                 -3722.41812333            37783
 Polarization                       -848.78979437            37783

 Analysis for Archive Structure :              10

 Total Potential Energy :          -1990.66544357 Kcal/mole

 Energy Component Breakdown :           Kcal/mole        Interactions

 Bond Stretching                      90.49153754              432
 Angle Bending                       234.30807022              216
 Urey-Bradley                        -13.16617783              216
 Van der Waals                      2769.19681218            37132
 Charge Transfer                    -489.64359047            37139
 Atomic Multipoles                 -3728.36280076            37788
 Polarization                       -853.48929447            37788

 Analysis for Archive Structure :              11

 Total Potential Energy :          -2089.87742072 Kcal/mole

 Energy Component Breakdown :           Kcal/mole        Interactions

 Bond Stretching                      71.17899106              432
 Angle Bending                        15.39050678              216
 Urey-Bradley                         -2.65735746              216
 Van der Waals                      2753.45858577            37127
 Charge Transfer                    -487.04048910            37131
 Atomic Multipoles                 -3631.47616262            37780
 Polarization                       -808.73149515            37780

 Analysis for Archive Structure :              12

 Total Potential Energy :          -2012.32679404 Kcal/mole

 Energy Component Breakdown :           Kcal/mole        Interactions

 Bond Stretching                     147.38938189              432
 Angle Bending                        26.34339218              216
 Urey-Bradley                         -4.20946044              216
 Van der Waals                      2754.68503160            37133
 Charge Transfer                    -487.41564517            37141
 Atomic Multipoles                 -3636.79422402            37790
 Polarization                       -812.32527009            37790

 Analysis for Archive Structure :              13

 Total Potential Energy :          -2021.07104715 Kcal/mole

 Energy Component Breakdown :           Kcal/mole        Interactions

 Bond Stretching                     135.81874421              432
 Angle Bending                        44.74363910              216
 Urey-Bradley                         -5.20811781              216
 Van der Waals                      2756.69070548            37130
 Charge Transfer                    -487.73979606            37139
 Atomic Multipoles                 -3647.08293600            37787
 Polarization                       -818.29328607            37787

 Analysis for Archive Structure :              14

 Total Potential Energy :          -2079.53322290 Kcal/mole

 Energy Component Breakdown :           Kcal/mole        Interactions

 Bond Stretching                      69.45835993              432
 Angle Bending                        69.16033954              216
 Urey-Bradley                         -5.75717678              216
 Van der Waals                      2753.51572364            37129
 Charge Transfer                    -486.73131099            37142
 Atomic Multipoles                 -3655.36484529            37791
 Polarization                       -823.81431293            37791

 Analysis for Archive Structure :              15

 Total Potential Energy :          -2080.43794404 Kcal/mole

 Energy Component Breakdown :           Kcal/mole        Interactions

 Bond Stretching                      53.30486575              432
 Angle Bending                        95.81992716              216
 Urey-Bradley                         -7.09336997              216
 Van der Waals                      2741.64035725            37138
 Charge Transfer                    -483.90011197            37142
 Atomic Multipoles                 -3654.19205144            37792
 Polarization                       -826.01756082            37792
