
     ######################################################################
   ##########################################################################
  ###                                                                      ###
 ###            TINKER  ---  Software Tools for Molecular Design            ###
 ##                                                                          ##
 ##                          Version 8.2  June 2017                          ##
 ##                                                                          ##
 ##               Copyright (c)  Jay William Ponder  1990-2017               ##
 ###                           All Rights Reserved                          ###
  ###                                                                      ###
   ##########################################################################
     ######################################################################


 Molecular Dynamics Trajectory via Velocity Verlet Algorithm

 Instantaneous Values for Frame Saved at         1 Dynamics Steps

 Current Time                 0.00100000 Picosecond
 Current Potential            5.55323443 Kcal/mole
 Current Kinetic              5.44872678 Kcal/mole
 Lattice Lengths           30.0000000000     30.0000000000     30.0000000000
 Lattice Angles            90.0000000000     90.0000000000     90.0000000000
 Frame Number                      1
 Coordinate File            dimer.arc
 Current Density            0.00221541 Grams/cc

 Instantaneous Values for Frame Saved at         2 Dynamics Steps

 Current Time                 0.00200000 Picosecond
 Current Potential            6.94565731 Kcal/mole
 Current Kinetic              5.75790038 Kcal/mole
 Lattice Lengths           30.0000000000     30.0000000000     30.0000000000
 Lattice Angles            90.0000000000     90.0000000000     90.0000000000
 Frame Number                      2
 Coordinate File            dimer.arc
 Current Density            0.00221541 Grams/cc

 Instantaneous Values for Frame Saved at         3 Dynamics Steps

 Current Time                 0.00300000 Picosecond
 Current Potential            8.33154761 Kcal/mole
 Current Kinetic              4.28423490 Kcal/mole
 Lattice Lengths           30.0000000000     30.0000000000     30.0000000000
 Lattice Angles            90.0000000000     90.0000000000     90.0000000000
 Frame Number                      3
 Coordinate File            dimer.arc
 Current Density            0.00221541 Grams/cc

 Instantaneous Values for Frame Saved at         4 Dynamics Steps

 Current Time                 0.00400000 Picosecond
 Current Potential            7.41522803 Kcal/mole
 Current Kinetic              4.64079324 Kcal/mole
 Lattice Lengths           30.0000000000     30.0000000000     30.0000000000
 Lattice Angles            90.0000000000     90.0000000000     90.0000000000
 Frame Number                      4
 Coordinate File            dimer.arc
 Current Density            0.00221541 Grams/cc

 Instantaneous Values for Frame Saved at         5 Dynamics Steps

 Current Time                 0.00500000 Picosecond
 Current Potential            7.29272175 Kcal/mole
 Current Kinetic              5.77923012 Kcal/mole
 Lattice Lengths           30.0000000000     30.0000000000     30.0000000000
 Lattice Angles            90.0000000000     90.0000000000     90.0000000000
 Frame Number                      5
 Coordinate File            dimer.arc
 Current Density            0.00221541 Grams/cc

 Instantaneous Values for Frame Saved at         6 Dynamics Steps

 Current Time                 0.00600000 Picosecond
 Current Potential            7.71486065 Kcal/mole
 Current Kinetic              5.37313714 Kcal/mole
 Lattice Lengths           30.0000000000     30.0000000000     30.0000000000
 Lattice Angles            90.0000000000     90.0000000000     90.0000000000
 Frame Number                      6
 Coordinate File            dimer.arc
 Current Density            0.00221541 Grams/cc

 Instantaneous Values for Frame Saved at         7 Dynamics Steps

 Current Time                 0.00700000 Picosecond
 Current Potential            6.23191582 Kcal/mole
 Current Kinetic              5.59658523 Kcal/mole
 Lattice Lengths           30.0000000000     30.0000000000     30.0000000000
 Lattice Angles            90.0000000000     90.0000000000     90.0000000000
 Frame Number                      7
 Coordinate File            dimer.arc
 Current Density            0.00221541 Grams/cc

 Instantaneous Values for Frame Saved at         8 Dynamics Steps

 Current Time                 0.00800000 Picosecond
 Current Potential            3.34468430 Kcal/mole
 Current Kinetic              7.70660782 Kcal/mole
 Lattice Lengths           30.0000000000     30.0000000000     30.0000000000
 Lattice Angles            90.0000000000     90.0000000000     90.0000000000
 Frame Number                      8
 Coordinate File            dimer.arc
 Current Density            0.00221541 Grams/cc

 Instantaneous Values for Frame Saved at         9 Dynamics Steps

 Current Time                 0.00900000 Picosecond
 Current Potential            1.51184155 Kcal/mole
 Current Kinetic              9.85182234 Kcal/mole
 Lattice Lengths           30.0000000000     30.0000000000     30.0000000000
 Lattice Angles            90.0000000000     90.0000000000     90.0000000000
 Frame Number                      9
 Coordinate File            dimer.arc
 Current Density            0.00221541 Grams/cc

 Instantaneous Values for Frame Saved at        10 Dynamics Steps

 Current Time                 0.01000000 Picosecond
 Current Potential            0.87071587 Kcal/mole
 Current Kinetic             10.34886307 Kcal/mole
 Lattice Lengths           30.0000000000     30.0000000000     30.0000000000
 Lattice Angles            90.0000000000     90.0000000000     90.0000000000
 Frame Number                     10
 Coordinate File            dimer.arc
 Current Density            0.00221541 Grams/cc

 Performance:  ns/day               6.3066
               Wall Time            0.1370
               Steps                    10
               Updates                  10
               Time Step            1.0000
               Atoms                     6
               Threads                   1
